{"name": "Verify login functionality", "status": "failed", "statusDetails": {"message": "AssertionError: Test Failed\n", "trace": "  File \"C:\\Users\\SumitBhandare\\Downloads\\sum_automation\\bddbehave\\.venv\\Lib\\site-packages\\behave\\model.py\", line 1329, in run\n    match.run(runner.context)\n    ~~~~~~~~~^^^^^^^^^^^^^^^^\n  File \"C:\\Users\\SumitBhandare\\Downloads\\sum_automation\\bddbehave\\.venv\\Lib\\site-packages\\behave\\matchers.py\", line 98, in run\n    self.func(context, *args, **kwargs)\n    ~~~~~~~~~^^^^^^^^^^^^^^^^^^^^^^^^^^\n  File \"features\\steps\\testLogin.py\", line 21, in loginToApplication\n    login_page.login(user_name, passcode)\n    ~~~~~~~~~~~~~~~~^^^^^^^^^^^^^^^^^^^^^\n  File \"C:\\Users\\SumitBhandare\\Downloads\\sum_automation\\bddbehave\\pom\\LoginPage.py\", line 35, in login\n    assert False, \"Test Failed\"\n           ^^^^^\n"}, "steps": [{"name": "Given login to application", "status": "failed", "statusDetails": {"message": "AssertionError: Test Failed\n", "trace": "  File \"C:\\Users\\SumitBhandare\\Downloads\\sum_automation\\bddbehave\\.venv\\Lib\\site-packages\\behave\\model.py\", line 1329, in run\n    match.run(runner.context)\n    ~~~~~~~~~^^^^^^^^^^^^^^^^\n  File \"C:\\Users\\SumitBhandare\\Downloads\\sum_automation\\bddbehave\\.venv\\Lib\\site-packages\\behave\\matchers.py\", line 98, in run\n    self.func(context, *args, **kwargs)\n    ~~~~~~~~~^^^^^^^^^^^^^^^^^^^^^^^^^^\n  File \"features\\steps\\testLogin.py\", line 21, in loginToApplication\n    login_page.login(user_name, passcode)\n    ~~~~~~~~~~~~~~~~^^^^^^^^^^^^^^^^^^^^^\n  File \"C:\\Users\\SumitBhandare\\Downloads\\sum_automation\\bddbehave\\pom\\LoginPage.py\", line 35, in login\n    assert False, \"Test Failed\"\n           ^^^^^\n"}, "start": 1750054891663, "stop": 1750054951349}, {"name": "When user click on Home", "status": "skipped", "start": 1750054951351, "stop": 1750054951351}], "start": 1750054891663, "stop": 1750054951351, "uuid": "e0b73425-2837-4d10-8c69-e5d28c4e7d27", "historyId": "517aeca4b855d13b6097cedebb9e56c2", "fullName": "Test OrangeHRM: Verify login functionality", "labels": [{"name": "severity", "value": "normal"}, {"name": "feature", "value": "Test OrangeHRM"}, {"name": "framework", "value": "behave"}, {"name": "language", "value": "cpython3"}]}